<?xml version="1.0" encoding="UTF-8"?>
<!-- Generated by org.testng.reporters.JUnitXMLReporter -->
<testsuite hostname="ImranMosin" name="Test" tests="5" failures="1" timestamp="28 Jun 2018 16:50:19 GMT" time="76.093" errors="0">
  <testcase name="testInvalidLogin" time="4.87" classname="com.actitime.tests.InvalidLoginTest"/>
  <testcase name="testVerifyVersion" time="0.235" classname="com.actitime.tests.VerifyVersionTest"/>
  <testcase name="testA" time="0.004" classname="com.actitime.tests.DemoTest">
    <skipped/>
  </testcase> <!-- testA -->
  <testcase name="testA" time="0.001" classname="com.actitime.tests.DemoTest">
    <failure type="java.lang.AssertionError" message="null">
      <![CDATA[java.lang.AssertionError: null
	at com.actitime.tests.DemoTest.testA(DemoTest.java:16)
... Removed 26 stack frames]]>
    </failure>
  </testcase> <!-- testA -->
  <testcase name="testValidLoginLogout" time="8.851" classname="com.actitime.tests.ValidLoginLogoutTest"/>
</testsuite> <!-- Test -->
